<?xml version="1.0" encoding="UTF-8"?>
<!-- Generated by org.testng.reporters.JUnitReportReporter -->
<testsuite hostname="DESKTOP-QTGE18G" name="com.wbl.newtestng.TestNgAnno" tests="2" failures="0" timestamp="11 Aug 2017 18:06:08 GMT" time="0.055" errors="0">
  <testcase name="testMethod1" time="0.041" classname="com.wbl.newtestng.TestNgAnno"/>
  <testcase name="testMethod2" time="0.014" classname="com.wbl.newtestng.TestNgAnno"/>
</testsuite> <!-- com.wbl.newtestng.TestNgAnno -->
